<?xml version="1.0" encoding="UTF-8"?>
<testsuite name="posTest.ShoppingCartParserTest" tests="5" skipped="0" failures="0" errors="0" timestamp="2015-12-10T09:23:22" hostname="wangli-Inspiron-5420" time="0.012">
  <properties/>
  <testcase name="should_get_1_cart_item" classname="posTest.ShoppingCartParserTest" time="0.006"/>
  <testcase name="should_complain_invalid_amount" classname="posTest.ShoppingCartParserTest" time="0.001"/>
  <testcase name="should_get_empty_when_given_none" classname="posTest.ShoppingCartParserTest" time="0.001"/>
  <testcase name="should_get_2_cart_item" classname="posTest.ShoppingCartParserTest" time="0.0"/>
  <testcase name="should_complain_invalid_input_format" classname="posTest.ShoppingCartParserTest" time="0.0"/>
  <system-out><![CDATA[]]></system-out>
  <system-err><![CDATA[]]></system-err>
</testsuite>
